g:\repogitory\hm_php8\hmphp8\hmphp8\release\vc142.pdb
g:\repogitory\hm_php8\hmphp8\hmphp8\release\self_dll_info.obj
g:\repogitory\hm_php8\hmphp8\hmphp8\release\output_debugstream.obj
g:\repogitory\hm_php8\hmphp8\hmphp8\release\hidemaruexe_export.obj
g:\repogitory\hm_php8\hmphp8\hmphp8\release\convert_string.obj
g:\repogitory\hm_php8\hmphp8\hmphp8\release\embed_hidemaru.obj
g:\repogitory\hm_php8\hmphp8\hmphp8\release\dllmain.obj
g:\repogitory\hm_php8\hmphp8\hmphp8\release\dllfunc_interface_internal.obj
g:\repogitory\hm_php8\hmphp8\release\embed_hidemaru.lib
g:\repogitory\hm_php8\hmphp8\release\embed_hidemaru.exp
g:\repogitory\hm_php8\hmphp8\release\embed_hidemaru.dll
g:\repogitory\hm_php8\hmphp8\hmphp8\release\embed_hidemaru.ipdb
g:\repogitory\hm_php8\hmphp8\hmphp8\release\embed_hidemaru.iobj
g:\repogitory\hm_php8\hmphp8\release\embed_hidemaru.pdb
g:\repogitory\hm_php8\hmphp8\hmphp8\release\embed_hidemaru.res
g:\repogitory\hm_php8\hmphp8\hmphp8\release\embed_hidemaru.tlog\cl.command.1.tlog
g:\repogitory\hm_php8\hmphp8\hmphp8\release\embed_hidemaru.tlog\cl.read.1.tlog
g:\repogitory\hm_php8\hmphp8\hmphp8\release\embed_hidemaru.tlog\cl.write.1.tlog
g:\repogitory\hm_php8\hmphp8\hmphp8\release\embed_hidemaru.tlog\embed_hidemaru.write.1u.tlog
g:\repogitory\hm_php8\hmphp8\hmphp8\release\embed_hidemaru.tlog\link.command.1.tlog
g:\repogitory\hm_php8\hmphp8\hmphp8\release\embed_hidemaru.tlog\link.read.1.tlog
g:\repogitory\hm_php8\hmphp8\hmphp8\release\embed_hidemaru.tlog\link.write.1.tlog
g:\repogitory\hm_php8\hmphp8\hmphp8\release\embed_hidemaru.tlog\rc.command.1.tlog
g:\repogitory\hm_php8\hmphp8\hmphp8\release\embed_hidemaru.tlog\rc.read.1.tlog
g:\repogitory\hm_php8\hmphp8\hmphp8\release\embed_hidemaru.tlog\rc.write.1.tlog
