g:\repogitory\hm_php8\hmphp8\hmphp8\release\convert_string.obj
g:\repogitory\hm_php8\hmphp8\hmphp8\release\dllfunc_interface_internal.obj
g:\repogitory\hm_php8\hmphp8\hmphp8\release\dllfunc_interface.obj
g:\repogitory\hm_php8\hmphp8\hmphp8\release\hm_original_encode_map.obj
g:\repogitory\hm_php8\hmphp8\hmphp8\release\hm_original_encode_mapfunc.obj
g:\repogitory\hm_php8\hmphp8\hmphp8\release\hidemaruexe_export.obj
g:\repogitory\hm_php8\hmphp8\hmphp8\release\dllmain.obj
g:\repogitory\hm_php8\hmphp8\hmphp8\release\self_dll_info.obj
g:\repogitory\hm_php8\hmphp8\hmphp8\release\hm_original_decode_mapfunc.obj
g:\repogitory\hm_php8\hmphp8\hmphp8\release\embed_hidemaru.obj
g:\repogitory\hm_php8\hmphp8\hmphp8\release\output_debugstream.obj
g:\repogitory\hm_php8\hmphp8\hmphp8\release\vc142.pdb
g:\repogitory\hm_php8\hmphp8\release\hmpeach.lib
g:\repogitory\hm_php8\hmphp8\release\hmpeach.exp
g:\repogitory\hm_php8\hmphp8\release\hmpeach.dll
g:\repogitory\hm_php8\hmphp8\hmphp8\release\hmpeach.ipdb
g:\repogitory\hm_php8\hmphp8\hmphp8\release\hmpeach.iobj
g:\repogitory\hm_php8\hmphp8\hmphp8\release\embed_hidemaru.res
g:\repogitory\hm_php8\hmphp8\hmphp8\release\hmpeach.tlog\cl.22824.write.1.tlog
g:\repogitory\hm_php8\hmphp8\hmphp8\release\hmpeach.tlog\cl.command.1.tlog
g:\repogitory\hm_php8\hmphp8\hmphp8\release\hmpeach.tlog\cl.read.1.tlog
g:\repogitory\hm_php8\hmphp8\hmphp8\release\hmpeach.tlog\hmpeach.write.1u.tlog
g:\repogitory\hm_php8\hmphp8\hmphp8\release\hmpeach.tlog\link.command.1.tlog
g:\repogitory\hm_php8\hmphp8\hmphp8\release\hmpeach.tlog\link.read.1.tlog
g:\repogitory\hm_php8\hmphp8\hmphp8\release\hmpeach.tlog\link.write.1.tlog
g:\repogitory\hm_php8\hmphp8\hmphp8\release\hmpeach.tlog\rc.command.1.tlog
g:\repogitory\hm_php8\hmphp8\hmphp8\release\hmpeach.tlog\rc.read.1.tlog
g:\repogitory\hm_php8\hmphp8\hmphp8\release\hmpeach.tlog\rc.write.1.tlog
