g:\repogitory\hm_php8\hmphp8\hmphp8\debug\vc142.pdb
g:\repogitory\hm_php8\hmphp8\hmphp8\debug\vc142.idb
g:\repogitory\hm_php8\hmphp8\hmphp8\debug\self_dll_info.obj
g:\repogitory\hm_php8\hmphp8\hmphp8\debug\output_debugstream.obj
g:\repogitory\hm_php8\hmphp8\hmphp8\debug\hm_original_encode_mapfunc.obj
g:\repogitory\hm_php8\hmphp8\hmphp8\debug\hm_original_encode_map.obj
g:\repogitory\hm_php8\hmphp8\hmphp8\debug\hidemaruexe_export.obj
g:\repogitory\hm_php8\hmphp8\hmphp8\debug\convert_string.obj
g:\repogitory\hm_php8\hmphp8\hmphp8\debug\embed_hidemaru.obj
g:\repogitory\hm_php8\hmphp8\hmphp8\debug\dllmain.obj
g:\repogitory\hm_php8\hmphp8\hmphp8\debug\dllfunc_interface_internal.obj
g:\repogitory\hm_php8\hmphp8\hmphp8\debug\dllfunc_interface.obj
g:\repogitory\hm_php8\hmphp8\debug\hmpeach.lib
g:\repogitory\hm_php8\hmphp8\debug\hmpeach.exp
g:\repogitory\hm_php8\hmphp8\debug\hmpeach.ilk
g:\repogitory\hm_php8\hmphp8\debug\hmpeach.dll
g:\repogitory\hm_php8\hmphp8\debug\hmpeach.pdb
g:\repogitory\hm_php8\hmphp8\hmphp8\debug\embed_hidemaru.res
g:\repogitory\hm_php8\hmphp8\hmphp8\debug\hmpeach.tlog\cl.command.1.tlog
g:\repogitory\hm_php8\hmphp8\hmphp8\debug\hmpeach.tlog\cl.read.1.tlog
g:\repogitory\hm_php8\hmphp8\hmphp8\debug\hmpeach.tlog\cl.write.1.tlog
g:\repogitory\hm_php8\hmphp8\hmphp8\debug\hmpeach.tlog\hmpeach.write.1u.tlog
g:\repogitory\hm_php8\hmphp8\hmphp8\debug\hmpeach.tlog\link.command.1.tlog
g:\repogitory\hm_php8\hmphp8\hmphp8\debug\hmpeach.tlog\link.read.1.tlog
g:\repogitory\hm_php8\hmphp8\hmphp8\debug\hmpeach.tlog\link.write.1.tlog
g:\repogitory\hm_php8\hmphp8\hmphp8\debug\hmpeach.tlog\rc.command.1.tlog
g:\repogitory\hm_php8\hmphp8\hmphp8\debug\hmpeach.tlog\rc.read.1.tlog
g:\repogitory\hm_php8\hmphp8\hmphp8\debug\hmpeach.tlog\rc.write.1.tlog
