  convert_string.cpp
  dllfunc_interface_internal.cpp
  dllmain.cpp
  hidemaru_php_func.cpp
C:\php-sdk\phpdev\vs16\x86\php-8.0.3-src\ext\hidemaru\hidemaru_php_func.cpp(77,2): warning C4101: '_dummy': ローカル変数は 1 度も使われていません。
C:\php-sdk\phpdev\vs16\x86\php-8.0.3-src\ext\hidemaru\hidemaru_php_func.cpp(181,2): warning C4101: '_dummy': ローカル変数は 1 度も使われていません。
C:\php-sdk\phpdev\vs16\x86\php-8.0.3-src\ext\hidemaru\hidemaru_php_func.cpp(226,2): warning C4101: '_dummy': ローカル変数は 1 度も使われていません。
C:\php-sdk\phpdev\vs16\x86\php-8.0.3-src\ext\hidemaru\hidemaru_php_func.cpp(271,2): warning C4101: '_dummy': ローカル変数は 1 度も使われていません。
C:\php-sdk\phpdev\vs16\x86\php-8.0.3-src\ext\hidemaru\hidemaru_php_func.cpp(308,2): warning C4101: '_dummy': ローカル変数は 1 度も使われていません。
C:\php-sdk\phpdev\vs16\x86\php-8.0.3-src\ext\hidemaru\hidemaru_php_func.cpp(335,2): warning C4101: '_dummy': ローカル変数は 1 度も使われていません。
C:\php-sdk\phpdev\vs16\x86\php-8.0.3-src\ext\hidemaru\hidemaru_php_func.cpp(369,2): warning C4101: '_dummy': ローカル変数は 1 度も使われていません。
C:\php-sdk\phpdev\vs16\x86\php-8.0.3-src\ext\hidemaru\hidemaru_php_func.cpp(422,2): warning C4101: '_dummy': ローカル変数は 1 度も使われていません。
C:\php-sdk\phpdev\vs16\x86\php-8.0.3-src\ext\hidemaru\hidemaru_php_func.cpp(451,2): warning C4101: '_dummy': ローカル変数は 1 度も使われていません。
  hidemaruexe_export.cpp
  hidemaru_interface.cpp
  hm_original_encode_map.cpp
  hm_original_encode_mapfunc.cpp
  output_debugstream.cpp
  self_dll_info.cpp
     ライブラリ C:\php-sdk\phpdev\vs16\x86\php-8.0.3-src\ext\hidemaru\php_hidemaru\Release\php_hidemaru.lib とオブジェクト C:\php-sdk\phpdev\vs16\x86\php-8.0.3-src\ext\hidemaru\php_hidemaru\Release\php_hidemaru.exp を作成中
  コード生成しています。
  Previous IPDB not found, fall back to full compilation.
  All 618 functions were compiled because no usable IPDB/IOBJ from previous compilation was found.
  コード生成が終了しました。
  php_hidemaru.vcxproj -> C:\php-sdk\phpdev\vs16\x86\php-8.0.3-src\ext\hidemaru\php_hidemaru\Release\php_hidemaru.dll
