c:\php-sdk\phpdev\vs16\x86\php-8.0.3-src\ext\hidemaru\php_hidemaru\release\vc142.pdb
c:\php-sdk\phpdev\vs16\x86\php-8.0.3-src\ext\hidemaru\php_hidemaru\release\self_dll_info.obj
c:\php-sdk\phpdev\vs16\x86\php-8.0.3-src\ext\hidemaru\php_hidemaru\release\output_debugstream.obj
c:\php-sdk\phpdev\vs16\x86\php-8.0.3-src\ext\hidemaru\php_hidemaru\release\hm_original_encode_mapfunc.obj
c:\php-sdk\phpdev\vs16\x86\php-8.0.3-src\ext\hidemaru\php_hidemaru\release\hm_original_encode_map.obj
c:\php-sdk\phpdev\vs16\x86\php-8.0.3-src\ext\hidemaru\php_hidemaru\release\hidemaru_interface.obj
c:\php-sdk\phpdev\vs16\x86\php-8.0.3-src\ext\hidemaru\php_hidemaru\release\hidemaruexe_export.obj
c:\php-sdk\phpdev\vs16\x86\php-8.0.3-src\ext\hidemaru\php_hidemaru\release\hidemaru_php_func.obj
c:\php-sdk\phpdev\vs16\x86\php-8.0.3-src\ext\hidemaru\php_hidemaru\release\dllmain.obj
c:\php-sdk\phpdev\vs16\x86\php-8.0.3-src\ext\hidemaru\php_hidemaru\release\convert_string.obj
g:\repogitory\hm_php8\php-sdk\phpdev\vs16\x86\php-8.0.3-src\ext\hidemaru\php_hidemaru\release\vc142.pdb
g:\repogitory\hm_php8\php-sdk\phpdev\vs16\x86\php-8.0.3-src\ext\hidemaru\php_hidemaru\release\self_dll_info.obj
g:\repogitory\hm_php8\php-sdk\phpdev\vs16\x86\php-8.0.3-src\ext\hidemaru\php_hidemaru\release\output_debugstream.obj
g:\repogitory\hm_php8\php-sdk\phpdev\vs16\x86\php-8.0.3-src\ext\hidemaru\php_hidemaru\release\hm_original_encode_mapfunc.obj
g:\repogitory\hm_php8\php-sdk\phpdev\vs16\x86\php-8.0.3-src\ext\hidemaru\php_hidemaru\release\hm_original_encode_map.obj
g:\repogitory\hm_php8\php-sdk\phpdev\vs16\x86\php-8.0.3-src\ext\hidemaru\php_hidemaru\release\hidemaru_interface.obj
g:\repogitory\hm_php8\php-sdk\phpdev\vs16\x86\php-8.0.3-src\ext\hidemaru\php_hidemaru\release\hidemaruexe_export.obj
g:\repogitory\hm_php8\php-sdk\phpdev\vs16\x86\php-8.0.3-src\ext\hidemaru\php_hidemaru\release\hidemaru_php_func.obj
g:\repogitory\hm_php8\php-sdk\phpdev\vs16\x86\php-8.0.3-src\ext\hidemaru\php_hidemaru\release\dllmain.obj
g:\repogitory\hm_php8\php-sdk\phpdev\vs16\x86\php-8.0.3-src\ext\hidemaru\php_hidemaru\release\convert_string.obj
g:\repogitory\hm_php8\php-sdk\phpdev\vs16\x86\php-8.0.3-src\ext\hidemaru\php_hidemaru\release\dllfunc_interface_internal.obj
g:\repogitory\hm_php8\php-sdk\phpdev\vs16\x86\php-8.0.3-src\ext\hidemaru\php_hidemaru\release\dllfunc_interface.obj
c:\php-sdk\phpdev\vs16\x86\php-8.0.3-src\ext\hidemaru\php_hidemaru\release\php_hidemaru.dll
g:\repogitory\hm_php8\php-sdk\phpdev\vs16\x86\php-8.0.3-src\ext\hidemaru\php_hidemaru\release\php_hidemaru.dll
c:\php-sdk\phpdev\vs16\x86\php-8.0.3-src\ext\hidemaru\php_hidemaru\release\php_hidemaru.lib
c:\php-sdk\phpdev\vs16\x86\php-8.0.3-src\ext\hidemaru\php_hidemaru\release\php_hidemaru.exp
c:\php-sdk\phpdev\vs16\x86\php-8.0.3-src\ext\hidemaru\php_hidemaru\release\php_hidemaru.ipdb
c:\php-sdk\phpdev\vs16\x86\php-8.0.3-src\ext\hidemaru\php_hidemaru\release\php_hidemaru.iobj
g:\repogitory\hm_php8\php-sdk\phpdev\vs16\x86\php-8.0.3-src\ext\hidemaru\php_hidemaru\release\php_hidemaru.lib
g:\repogitory\hm_php8\php-sdk\phpdev\vs16\x86\php-8.0.3-src\ext\hidemaru\php_hidemaru\release\php_hidemaru.exp
g:\repogitory\hm_php8\php-sdk\phpdev\vs16\x86\php-8.0.3-src\ext\hidemaru\php_hidemaru\release\php_hidemaru.ipdb
g:\repogitory\hm_php8\php-sdk\phpdev\vs16\x86\php-8.0.3-src\ext\hidemaru\php_hidemaru\release\php_hidemaru.iobj
c:\php-sdk\phpdev\vs16\x86\php-8.0.3-src\ext\hidemaru\php_hidemaru\release\embed_hidemaru.res
g:\repogitory\hm_php8\php-sdk\phpdev\vs16\x86\php-8.0.3-src\ext\hidemaru\php_hidemaru\release\embed_hidemaru.res
g:\repogitory\hm_php8\php-sdk\phpdev\vs16\x86\php-8.0.3-src\ext\hidemaru\php_hidemaru\release\php_hidemaru.tlog\cl.command.1.tlog
g:\repogitory\hm_php8\php-sdk\phpdev\vs16\x86\php-8.0.3-src\ext\hidemaru\php_hidemaru\release\php_hidemaru.tlog\cl.read.1.tlog
g:\repogitory\hm_php8\php-sdk\phpdev\vs16\x86\php-8.0.3-src\ext\hidemaru\php_hidemaru\release\php_hidemaru.tlog\cl.write.1.tlog
g:\repogitory\hm_php8\php-sdk\phpdev\vs16\x86\php-8.0.3-src\ext\hidemaru\php_hidemaru\release\php_hidemaru.tlog\link.command.1.tlog
g:\repogitory\hm_php8\php-sdk\phpdev\vs16\x86\php-8.0.3-src\ext\hidemaru\php_hidemaru\release\php_hidemaru.tlog\link.delete.1.tlog
g:\repogitory\hm_php8\php-sdk\phpdev\vs16\x86\php-8.0.3-src\ext\hidemaru\php_hidemaru\release\php_hidemaru.tlog\link.read.1.tlog
g:\repogitory\hm_php8\php-sdk\phpdev\vs16\x86\php-8.0.3-src\ext\hidemaru\php_hidemaru\release\php_hidemaru.tlog\link.write.1.tlog
g:\repogitory\hm_php8\php-sdk\phpdev\vs16\x86\php-8.0.3-src\ext\hidemaru\php_hidemaru\release\php_hidemaru.tlog\php_hidemaru.write.1u.tlog
g:\repogitory\hm_php8\php-sdk\phpdev\vs16\x86\php-8.0.3-src\ext\hidemaru\php_hidemaru\release\php_hidemaru.tlog\rc.command.1.tlog
g:\repogitory\hm_php8\php-sdk\phpdev\vs16\x86\php-8.0.3-src\ext\hidemaru\php_hidemaru\release\php_hidemaru.tlog\rc.read.1.tlog
g:\repogitory\hm_php8\php-sdk\phpdev\vs16\x86\php-8.0.3-src\ext\hidemaru\php_hidemaru\release\php_hidemaru.tlog\rc.write.1.tlog
